<?xml version="1.0"?>
<!DOCTYPE coverage SYSTEM "http://cobertura.sourceforge.net/xml/coverage-04.dtd">

<coverage line-rate="0.5462555066079295" branch-rate="0.5" lines-covered="124" lines-valid="227" branches-covered="11" branches-valid="22" complexity="1.44" version="1.9.4.1" timestamp="1341192226662">
	<sources>
		<source>--source</source>
		<source>/home/admchr/agh/jms-brokers/server/src/main/java</source>
	</sources>
	<packages>
		<package name="pl.edu.agh.iosr.brokers" line-rate="0.5462555066079295" branch-rate="0.5" complexity="1.44">
			<classes>
				<class name="pl.edu.agh.iosr.brokers.AbstractStockIndexProvider" filename="pl/edu/agh/iosr/brokers/AbstractStockIndexProvider.java" line-rate="1.0" branch-rate="1.0" complexity="1.0">
					<methods>
						<method name="&lt;init&gt;" signature="()V" line-rate="1.0" branch-rate="1.0">
							<lines>
								<line number="7" hits="6" branch="false"/>
							</lines>
						</method>
						<method name="dispatch" signature="(Lpl/edu/agh/iosr/brokers/StockIndex;)V" line-rate="1.0" branch-rate="1.0">
							<lines>
								<line number="15" hits="24" branch="false"/>
								<line number="16" hits="24" branch="false"/>
							</lines>
						</method>
						<method name="setOnStockIndex" signature="(Lpl/edu/agh/iosr/brokers/StockIndexListener;)V" line-rate="1.0" branch-rate="1.0">
							<lines>
								<line number="11" hits="6" branch="false"/>
								<line number="12" hits="6" branch="false"/>
							</lines>
						</method>
						<method name="start" signature="()V" line-rate="1.0" branch-rate="1.0">
							<lines>
								<line number="21" hits="6" branch="false"/>
								<line number="22" hits="6" branch="false"/>
								<line number="23" hits="6" branch="false"/>
							</lines>
						</method>
						<method name="stop" signature="()V" line-rate="1.0" branch-rate="1.0">
							<lines>
								<line number="27" hits="6" branch="false"/>
								<line number="28" hits="6" branch="false"/>
							</lines>
						</method>
					</methods>
					<lines>
						<line number="7" hits="6" branch="false"/>
						<line number="11" hits="6" branch="false"/>
						<line number="12" hits="6" branch="false"/>
						<line number="15" hits="24" branch="false"/>
						<line number="16" hits="24" branch="false"/>
						<line number="21" hits="6" branch="false"/>
						<line number="22" hits="6" branch="false"/>
						<line number="23" hits="6" branch="false"/>
						<line number="27" hits="6" branch="false"/>
						<line number="28" hits="6" branch="false"/>
					</lines>
				</class>
				<class name="pl.edu.agh.iosr.brokers.App" filename="pl/edu/agh/iosr/brokers/App.java" line-rate="0.0" branch-rate="1.0" complexity="1.6666666666666667">
					<methods>
						<method name="&lt;init&gt;" signature="()V" line-rate="0.0" branch-rate="1.0">
							<lines>
								<line number="11" hits="0" branch="false"/>
							</lines>
						</method>
						<method name="main" signature="([Ljava/lang/String;)V" line-rate="0.0" branch-rate="1.0">
							<lines>
								<line number="14" hits="0" branch="false"/>
								<line number="16" hits="0" branch="false"/>
								<line number="19" hits="0" branch="false"/>
								<line number="21" hits="0" branch="false"/>
								<line number="23" hits="0" branch="false"/>
								<line number="24" hits="0" branch="false"/>
								<line number="26" hits="0" branch="false"/>
								<line number="27" hits="0" branch="false"/>
								<line number="28" hits="0" branch="false"/>
								<line number="29" hits="0" branch="false"/>
								<line number="30" hits="0" branch="false"/>
								<line number="42" hits="0" branch="false"/>
								<line number="43" hits="0" branch="false"/>
								<line number="44" hits="0" branch="false"/>
								<line number="45" hits="0" branch="false"/>
								<line number="46" hits="0" branch="false"/>
								<line number="47" hits="0" branch="false"/>
								<line number="59" hits="0" branch="false"/>
								<line number="60" hits="0" branch="false"/>
							</lines>
						</method>
					</methods>
					<lines>
						<line number="11" hits="0" branch="false"/>
						<line number="14" hits="0" branch="false"/>
						<line number="16" hits="0" branch="false"/>
						<line number="19" hits="0" branch="false"/>
						<line number="21" hits="0" branch="false"/>
						<line number="23" hits="0" branch="false"/>
						<line number="24" hits="0" branch="false"/>
						<line number="26" hits="0" branch="false"/>
						<line number="27" hits="0" branch="false"/>
						<line number="28" hits="0" branch="false"/>
						<line number="29" hits="0" branch="false"/>
						<line number="30" hits="0" branch="false"/>
						<line number="42" hits="0" branch="false"/>
						<line number="43" hits="0" branch="false"/>
						<line number="44" hits="0" branch="false"/>
						<line number="45" hits="0" branch="false"/>
						<line number="46" hits="0" branch="false"/>
						<line number="47" hits="0" branch="false"/>
						<line number="59" hits="0" branch="false"/>
						<line number="60" hits="0" branch="false"/>
					</lines>
				</class>
				<class name="pl.edu.agh.iosr.brokers.App$1" filename="pl/edu/agh/iosr/brokers/App.java" line-rate="0.0" branch-rate="1.0" complexity="1.6666666666666667">
					<methods>
						<method name="&lt;init&gt;" signature="(Lpl/edu/agh/iosr/brokers/StockIndexPublisher;)V" line-rate="0.0" branch-rate="1.0">
							<lines>
								<line number="30" hits="0" branch="false"/>
							</lines>
						</method>
						<method name="onStockIndex" signature="(Lpl/edu/agh/iosr/brokers/StockIndex;)V" line-rate="0.0" branch-rate="1.0">
							<lines>
								<line number="35" hits="0" branch="false"/>
								<line number="36" hits="0" branch="false"/>
								<line number="38" hits="0" branch="false"/>
								<line number="39" hits="0" branch="false"/>
								<line number="40" hits="0" branch="false"/>
							</lines>
						</method>
					</methods>
					<lines>
						<line number="30" hits="0" branch="false"/>
						<line number="35" hits="0" branch="false"/>
						<line number="36" hits="0" branch="false"/>
						<line number="38" hits="0" branch="false"/>
						<line number="39" hits="0" branch="false"/>
						<line number="40" hits="0" branch="false"/>
					</lines>
				</class>
				<class name="pl.edu.agh.iosr.brokers.App$2" filename="pl/edu/agh/iosr/brokers/App.java" line-rate="0.0" branch-rate="1.0" complexity="1.6666666666666667">
					<methods>
						<method name="&lt;init&gt;" signature="(Lpl/edu/agh/iosr/brokers/StockIndexPublisher;)V" line-rate="0.0" branch-rate="1.0">
							<lines>
								<line number="47" hits="0" branch="false"/>
							</lines>
						</method>
						<method name="onStockIndex" signature="(Lpl/edu/agh/iosr/brokers/StockIndex;)V" line-rate="0.0" branch-rate="1.0">
							<lines>
								<line number="52" hits="0" branch="false"/>
								<line number="53" hits="0" branch="false"/>
								<line number="55" hits="0" branch="false"/>
								<line number="56" hits="0" branch="false"/>
								<line number="57" hits="0" branch="false"/>
							</lines>
						</method>
					</methods>
					<lines>
						<line number="47" hits="0" branch="false"/>
						<line number="52" hits="0" branch="false"/>
						<line number="53" hits="0" branch="false"/>
						<line number="55" hits="0" branch="false"/>
						<line number="56" hits="0" branch="false"/>
						<line number="57" hits="0" branch="false"/>
					</lines>
				</class>
				<class name="pl.edu.agh.iosr.brokers.BankierStockIndexProvider" filename="pl/edu/agh/iosr/brokers/BankierStockIndexProvider.java" line-rate="0.8478260869565217" branch-rate="0.625" complexity="2.6">
					<methods>
						<method name="&lt;clinit&gt;" signature="()V" line-rate="1.0" branch-rate="1.0">
							<lines>
								<line number="21" hits="3" branch="false"/>
							</lines>
						</method>
						<method name="&lt;init&gt;" signature="(ILjava/util/List;)V" line-rate="1.0" branch-rate="1.0">
							<lines>
								<line number="25" hits="3" branch="false"/>
								<line number="29" hits="3" branch="false"/>
								<line number="30" hits="3" branch="false"/>
								<line number="33" hits="3" branch="false"/>
								<line number="34" hits="3" branch="false"/>
								<line number="35" hits="3" branch="false"/>
								<line number="36" hits="3" branch="false"/>
							</lines>
						</method>
						<method name="checkForUpdates" signature="()V" line-rate="0.7142857142857143" branch-rate="1.0">
							<lines>
								<line number="52" hits="3" branch="false"/>
								<line number="53" hits="3" branch="false"/>
								<line number="54" hits="3" branch="false"/>
								<line number="56" hits="3" branch="false"/>
								<line number="57" hits="3" branch="false"/>
								<line number="58" hits="3" branch="false"/>
								<line number="62" hits="3" branch="false"/>
								<line number="63" hits="3" branch="false"/>
								<line number="65" hits="0" branch="false"/>
								<line number="66" hits="0" branch="false"/>
								<line number="67" hits="0" branch="false"/>
								<line number="68" hits="0" branch="false"/>
								<line number="69" hits="3" branch="false"/>
								<line number="70" hits="3" branch="false"/>
							</lines>
						</method>
						<method name="dispatchAll" signature="()V" line-rate="1.0" branch-rate="1.0">
							<lines>
								<line number="73" hits="9" branch="true" condition-coverage="100% (2/2)">
									<conditions>
										<condition number="0" type="jump" coverage="100%"/>
									</conditions>
								</line>
								<line number="74" hits="6" branch="false"/>
								<line number="75" hits="6" branch="false"/>
								<line number="76" hits="6" branch="false"/>
								<line number="77" hits="6" branch="false"/>
								<line number="78" hits="6" branch="false"/>
								<line number="80" hits="3" branch="false"/>
							</lines>
						</method>
						<method name="run" signature="()V" line-rate="0.8333333333333334" branch-rate="0.5">
							<lines>
								<line number="41" hits="3" branch="true" condition-coverage="50% (1/2)">
									<conditions>
										<condition number="0" type="jump" coverage="50%"/>
									</conditions>
								</line>
								<line number="42" hits="3" branch="false"/>
								<line number="43" hits="3" branch="false"/>
								<line number="45" hits="3" branch="false"/>
								<line number="47" hits="0" branch="false"/>
								<line number="48" hits="3" branch="false"/>
							</lines>
						</method>
						<method name="updateStockIndex" signature="(Lpl/edu/agh/iosr/brokers/StockIndex;)Lpl/edu/agh/iosr/brokers/StockIndex;" line-rate="0.8181818181818182" branch-rate="0.5">
							<lines>
								<line number="83" hits="6" branch="false"/>
								<line number="84" hits="6" branch="true" condition-coverage="50% (1/2)">
									<conditions>
										<condition number="0" type="jump" coverage="50%"/>
									</conditions>
								</line>
								<line number="85" hits="0" branch="false"/>
								<line number="86" hits="6" branch="false"/>
								<line number="87" hits="6" branch="false"/>
								<line number="88" hits="6" branch="false"/>
								<line number="89" hits="6" branch="false"/>
								<line number="90" hits="6" branch="true" condition-coverage="50% (1/2)">
									<conditions>
										<condition number="0" type="jump" coverage="50%"/>
									</conditions>
								</line>
								<line number="91" hits="0" branch="false"/>
								<line number="92" hits="6" branch="false"/>
								<line number="93" hits="6" branch="false"/>
							</lines>
						</method>
					</methods>
					<lines>
						<line number="21" hits="3" branch="false"/>
						<line number="25" hits="3" branch="false"/>
						<line number="29" hits="3" branch="false"/>
						<line number="30" hits="3" branch="false"/>
						<line number="33" hits="3" branch="false"/>
						<line number="34" hits="3" branch="false"/>
						<line number="35" hits="3" branch="false"/>
						<line number="36" hits="3" branch="false"/>
						<line number="41" hits="3" branch="true" condition-coverage="50% (1/2)">
							<conditions>
								<condition number="0" type="jump" coverage="50%"/>
							</conditions>
						</line>
						<line number="42" hits="3" branch="false"/>
						<line number="43" hits="3" branch="false"/>
						<line number="45" hits="3" branch="false"/>
						<line number="47" hits="0" branch="false"/>
						<line number="48" hits="3" branch="false"/>
						<line number="52" hits="3" branch="false"/>
						<line number="53" hits="3" branch="false"/>
						<line number="54" hits="3" branch="false"/>
						<line number="56" hits="3" branch="false"/>
						<line number="57" hits="3" branch="false"/>
						<line number="58" hits="3" branch="false"/>
						<line number="62" hits="3" branch="false"/>
						<line number="63" hits="3" branch="false"/>
						<line number="65" hits="0" branch="false"/>
						<line number="66" hits="0" branch="false"/>
						<line number="67" hits="0" branch="false"/>
						<line number="68" hits="0" branch="false"/>
						<line number="69" hits="3" branch="false"/>
						<line number="70" hits="3" branch="false"/>
						<line number="73" hits="9" branch="true" condition-coverage="100% (2/2)">
							<conditions>
								<condition number="0" type="jump" coverage="100%"/>
							</conditions>
						</line>
						<line number="74" hits="6" branch="false"/>
						<line number="75" hits="6" branch="false"/>
						<line number="76" hits="6" branch="false"/>
						<line number="77" hits="6" branch="false"/>
						<line number="78" hits="6" branch="false"/>
						<line number="80" hits="3" branch="false"/>
						<line number="83" hits="6" branch="false"/>
						<line number="84" hits="6" branch="true" condition-coverage="50% (1/2)">
							<conditions>
								<condition number="0" type="jump" coverage="50%"/>
							</conditions>
						</line>
						<line number="85" hits="0" branch="false"/>
						<line number="86" hits="6" branch="false"/>
						<line number="87" hits="6" branch="false"/>
						<line number="88" hits="6" branch="false"/>
						<line number="89" hits="6" branch="false"/>
						<line number="90" hits="6" branch="true" condition-coverage="50% (1/2)">
							<conditions>
								<condition number="0" type="jump" coverage="50%"/>
							</conditions>
						</line>
						<line number="91" hits="0" branch="false"/>
						<line number="92" hits="6" branch="false"/>
						<line number="93" hits="6" branch="false"/>
					</lines>
				</class>
				<class name="pl.edu.agh.iosr.brokers.GoogleStockIndexProvider" filename="pl/edu/agh/iosr/brokers/GoogleStockIndexProvider.java" line-rate="0.0" branch-rate="0.0" complexity="2.5">
					<methods>
						<method name="&lt;clinit&gt;" signature="()V" line-rate="0.0" branch-rate="1.0">
							<lines>
								<line number="21" hits="0" branch="false"/>
							</lines>
						</method>
						<method name="&lt;init&gt;" signature="(ILjava/util/List;)V" line-rate="0.0" branch-rate="1.0">
							<lines>
								<line number="25" hits="0" branch="false"/>
								<line number="29" hits="0" branch="false"/>
								<line number="30" hits="0" branch="false"/>
								<line number="33" hits="0" branch="false"/>
								<line number="34" hits="0" branch="false"/>
								<line number="35" hits="0" branch="false"/>
								<line number="36" hits="0" branch="false"/>
							</lines>
						</method>
						<method name="dispatchAll" signature="()V" line-rate="0.0" branch-rate="0.0">
							<lines>
								<line number="51" hits="0" branch="true" condition-coverage="0% (0/2)">
									<conditions>
										<condition number="0" type="jump" coverage="0%"/>
									</conditions>
								</line>
								<line number="52" hits="0" branch="false"/>
								<line number="54" hits="0" branch="false"/>
								<line number="55" hits="0" branch="false"/>
								<line number="56" hits="0" branch="false"/>
								<line number="57" hits="0" branch="false"/>
								<line number="58" hits="0" branch="false"/>
								<line number="59" hits="0" branch="false"/>
								<line number="60" hits="0" branch="false"/>
								<line number="62" hits="0" branch="false"/>
							</lines>
						</method>
						<method name="run" signature="()V" line-rate="0.0" branch-rate="0.0">
							<lines>
								<line number="41" hits="0" branch="true" condition-coverage="0% (0/2)">
									<conditions>
										<condition number="0" type="jump" coverage="0%"/>
									</conditions>
								</line>
								<line number="42" hits="0" branch="false"/>
								<line number="43" hits="0" branch="false"/>
								<line number="45" hits="0" branch="false"/>
								<line number="47" hits="0" branch="false"/>
								<line number="48" hits="0" branch="false"/>
							</lines>
						</method>
						<method name="updateStockIndex" signature="(Lpl/edu/agh/iosr/brokers/StockIndex;)Lpl/edu/agh/iosr/brokers/StockIndex;" line-rate="0.0" branch-rate="0.0">
							<lines>
								<line number="66" hits="0" branch="false"/>
								<line number="67" hits="0" branch="false"/>
								<line number="68" hits="0" branch="false"/>
								<line number="70" hits="0" branch="false"/>
								<line number="72" hits="0" branch="false"/>
								<line number="73" hits="0" branch="true" condition-coverage="0% (0/2)">
									<conditions>
										<condition number="0" type="jump" coverage="0%"/>
									</conditions>
								</line>
								<line number="74" hits="0" branch="false"/>
								<line number="75" hits="0" branch="false"/>
								<line number="76" hits="0" branch="false"/>
								<line number="77" hits="0" branch="false"/>
								<line number="78" hits="0" branch="false"/>
								<line number="79" hits="0" branch="false"/>
								<line number="80" hits="0" branch="false"/>
								<line number="81" hits="0" branch="false"/>
								<line number="82" hits="0" branch="false"/>
								<line number="83" hits="0" branch="false"/>
							</lines>
						</method>
					</methods>
					<lines>
						<line number="21" hits="0" branch="false"/>
						<line number="25" hits="0" branch="false"/>
						<line number="29" hits="0" branch="false"/>
						<line number="30" hits="0" branch="false"/>
						<line number="33" hits="0" branch="false"/>
						<line number="34" hits="0" branch="false"/>
						<line number="35" hits="0" branch="false"/>
						<line number="36" hits="0" branch="false"/>
						<line number="41" hits="0" branch="true" condition-coverage="0% (0/2)">
							<conditions>
								<condition number="0" type="jump" coverage="0%"/>
							</conditions>
						</line>
						<line number="42" hits="0" branch="false"/>
						<line number="43" hits="0" branch="false"/>
						<line number="45" hits="0" branch="false"/>
						<line number="47" hits="0" branch="false"/>
						<line number="48" hits="0" branch="false"/>
						<line number="51" hits="0" branch="true" condition-coverage="0% (0/2)">
							<conditions>
								<condition number="0" type="jump" coverage="0%"/>
							</conditions>
						</line>
						<line number="52" hits="0" branch="false"/>
						<line number="54" hits="0" branch="false"/>
						<line number="55" hits="0" branch="false"/>
						<line number="56" hits="0" branch="false"/>
						<line number="57" hits="0" branch="false"/>
						<line number="58" hits="0" branch="false"/>
						<line number="59" hits="0" branch="false"/>
						<line number="60" hits="0" branch="false"/>
						<line number="62" hits="0" branch="false"/>
						<line number="66" hits="0" branch="false"/>
						<line number="67" hits="0" branch="false"/>
						<line number="68" hits="0" branch="false"/>
						<line number="70" hits="0" branch="false"/>
						<line number="72" hits="0" branch="false"/>
						<line number="73" hits="0" branch="true" condition-coverage="0% (0/2)">
							<conditions>
								<condition number="0" type="jump" coverage="0%"/>
							</conditions>
						</line>
						<line number="74" hits="0" branch="false"/>
						<line number="75" hits="0" branch="false"/>
						<line number="76" hits="0" branch="false"/>
						<line number="77" hits="0" branch="false"/>
						<line number="78" hits="0" branch="false"/>
						<line number="79" hits="0" branch="false"/>
						<line number="80" hits="0" branch="false"/>
						<line number="81" hits="0" branch="false"/>
						<line number="82" hits="0" branch="false"/>
						<line number="83" hits="0" branch="false"/>
					</lines>
				</class>
				<class name="pl.edu.agh.iosr.brokers.SampleStockIndexProvider" filename="pl/edu/agh/iosr/brokers/SampleStockIndexProvider.java" line-rate="0.9565217391304348" branch-rate="0.75" complexity="1.75">
					<methods>
						<method name="&lt;init&gt;" signature="(ILjava/util/List;)V" line-rate="1.0" branch-rate="1.0">
							<lines>
								<line number="16" hits="3" branch="false"/>
								<line number="17" hits="3" branch="false"/>
								<line number="18" hits="3" branch="false"/>
								<line number="19" hits="3" branch="false"/>
								<line number="20" hits="3" branch="false"/>
							</lines>
						</method>
						<method name="dispatchAll" signature="()V" line-rate="1.0" branch-rate="1.0">
							<lines>
								<line number="35" hits="27" branch="true" condition-coverage="100% (2/2)">
									<conditions>
										<condition number="0" type="jump" coverage="100%"/>
									</conditions>
								</line>
								<line number="36" hits="18" branch="false"/>
								<line number="37" hits="18" branch="false"/>
								<line number="38" hits="18" branch="false"/>
								<line number="39" hits="18" branch="false"/>
								<line number="41" hits="9" branch="false"/>
							</lines>
						</method>
						<method name="run" signature="()V" line-rate="0.8333333333333334" branch-rate="0.5">
							<lines>
								<line number="25" hits="9" branch="true" condition-coverage="50% (1/2)">
									<conditions>
										<condition number="0" type="jump" coverage="50%"/>
									</conditions>
								</line>
								<line number="26" hits="9" branch="false"/>
								<line number="27" hits="9" branch="false"/>
								<line number="29" hits="3" branch="false"/>
								<line number="31" hits="0" branch="false"/>
								<line number="32" hits="3" branch="false"/>
							</lines>
						</method>
						<method name="updateStockIndex" signature="(Lpl/edu/agh/iosr/brokers/StockIndex;)Lpl/edu/agh/iosr/brokers/StockIndex;" line-rate="1.0" branch-rate="1.0">
							<lines>
								<line number="44" hits="18" branch="false"/>
								<line number="45" hits="18" branch="false"/>
								<line number="46" hits="18" branch="false"/>
								<line number="47" hits="18" branch="false"/>
								<line number="48" hits="18" branch="false"/>
								<line number="49" hits="18" branch="false"/>
							</lines>
						</method>
					</methods>
					<lines>
						<line number="16" hits="3" branch="false"/>
						<line number="17" hits="3" branch="false"/>
						<line number="18" hits="3" branch="false"/>
						<line number="19" hits="3" branch="false"/>
						<line number="20" hits="3" branch="false"/>
						<line number="25" hits="9" branch="true" condition-coverage="50% (1/2)">
							<conditions>
								<condition number="0" type="jump" coverage="50%"/>
							</conditions>
						</line>
						<line number="26" hits="9" branch="false"/>
						<line number="27" hits="9" branch="false"/>
						<line number="29" hits="3" branch="false"/>
						<line number="31" hits="0" branch="false"/>
						<line number="32" hits="3" branch="false"/>
						<line number="35" hits="27" branch="true" condition-coverage="100% (2/2)">
							<conditions>
								<condition number="0" type="jump" coverage="100%"/>
							</conditions>
						</line>
						<line number="36" hits="18" branch="false"/>
						<line number="37" hits="18" branch="false"/>
						<line number="38" hits="18" branch="false"/>
						<line number="39" hits="18" branch="false"/>
						<line number="41" hits="9" branch="false"/>
						<line number="44" hits="18" branch="false"/>
						<line number="45" hits="18" branch="false"/>
						<line number="46" hits="18" branch="false"/>
						<line number="47" hits="18" branch="false"/>
						<line number="48" hits="18" branch="false"/>
						<line number="49" hits="18" branch="false"/>
					</lines>
				</class>
				<class name="pl.edu.agh.iosr.brokers.StockIndex" filename="pl/edu/agh/iosr/brokers/StockIndex.java" line-rate="0.5" branch-rate="1.0" complexity="1.0">
					<methods>
						<method name="&lt;init&gt;" signature="()V" line-rate="0.0" branch-rate="1.0">
							<lines>
								<line number="21" hits="0" branch="false"/>
								<line number="22" hits="0" branch="false"/>
							</lines>
						</method>
						<method name="&lt;init&gt;" signature="(Ljava/lang/String;Ljava/lang/String;Ljava/lang/String;Ljava/lang/String;J)V" line-rate="1.0" branch-rate="1.0">
							<lines>
								<line number="32" hits="15" branch="false"/>
								<line number="33" hits="15" branch="false"/>
							</lines>
						</method>
						<method name="&lt;init&gt;" signature="(Ljava/lang/String;Ljava/lang/String;Ljava/math/BigDecimal;Ljava/math/BigDecimal;J)V" line-rate="1.0" branch-rate="1.0">
							<lines>
								<line number="24" hits="39" branch="false"/>
								<line number="25" hits="39" branch="false"/>
								<line number="26" hits="39" branch="false"/>
								<line number="27" hits="39" branch="false"/>
								<line number="28" hits="39" branch="false"/>
								<line number="29" hits="39" branch="false"/>
								<line number="30" hits="39" branch="false"/>
							</lines>
						</method>
						<method name="getChange" signature="()Ljava/math/BigDecimal;" line-rate="1.0" branch-rate="1.0">
							<lines>
								<line number="59" hits="18" branch="false"/>
							</lines>
						</method>
						<method name="getId" signature="()Ljava/lang/Long;" line-rate="0.0" branch-rate="1.0">
							<lines>
								<line number="35" hits="0" branch="false"/>
							</lines>
						</method>
						<method name="getKey" signature="()Ljava/lang/String;" line-rate="1.0" branch-rate="1.0">
							<lines>
								<line number="41" hits="66" branch="false"/>
							</lines>
						</method>
						<method name="getName" signature="()Ljava/lang/String;" line-rate="1.0" branch-rate="1.0">
							<lines>
								<line number="47" hits="30" branch="false"/>
							</lines>
						</method>
						<method name="getTimestamp" signature="()J" line-rate="1.0" branch-rate="1.0">
							<lines>
								<line number="65" hits="21" branch="false"/>
							</lines>
						</method>
						<method name="getValue" signature="()Ljava/math/BigDecimal;" line-rate="1.0" branch-rate="1.0">
							<lines>
								<line number="53" hits="39" branch="false"/>
							</lines>
						</method>
						<method name="setChange" signature="(Ljava/math/BigDecimal;)V" line-rate="0.0" branch-rate="1.0">
							<lines>
								<line number="62" hits="0" branch="false"/>
								<line number="63" hits="0" branch="false"/>
							</lines>
						</method>
						<method name="setId" signature="(Ljava/lang/Long;)V" line-rate="0.0" branch-rate="1.0">
							<lines>
								<line number="38" hits="0" branch="false"/>
								<line number="39" hits="0" branch="false"/>
							</lines>
						</method>
						<method name="setKey" signature="(Ljava/lang/String;)V" line-rate="0.0" branch-rate="1.0">
							<lines>
								<line number="44" hits="0" branch="false"/>
								<line number="45" hits="0" branch="false"/>
							</lines>
						</method>
						<method name="setName" signature="(Ljava/lang/String;)V" line-rate="0.0" branch-rate="1.0">
							<lines>
								<line number="50" hits="0" branch="false"/>
								<line number="51" hits="0" branch="false"/>
							</lines>
						</method>
						<method name="setTimestamp" signature="(J)V" line-rate="0.0" branch-rate="1.0">
							<lines>
								<line number="68" hits="0" branch="false"/>
								<line number="69" hits="0" branch="false"/>
							</lines>
						</method>
						<method name="setValue" signature="(Ljava/math/BigDecimal;)V" line-rate="0.0" branch-rate="1.0">
							<lines>
								<line number="56" hits="0" branch="false"/>
								<line number="57" hits="0" branch="false"/>
							</lines>
						</method>
						<method name="toString" signature="()Ljava/lang/String;" line-rate="1.0" branch-rate="1.0">
							<lines>
								<line number="72" hits="6" branch="false"/>
							</lines>
						</method>
					</methods>
					<lines>
						<line number="21" hits="0" branch="false"/>
						<line number="22" hits="0" branch="false"/>
						<line number="24" hits="39" branch="false"/>
						<line number="25" hits="39" branch="false"/>
						<line number="26" hits="39" branch="false"/>
						<line number="27" hits="39" branch="false"/>
						<line number="28" hits="39" branch="false"/>
						<line number="29" hits="39" branch="false"/>
						<line number="30" hits="39" branch="false"/>
						<line number="32" hits="15" branch="false"/>
						<line number="33" hits="15" branch="false"/>
						<line number="35" hits="0" branch="false"/>
						<line number="38" hits="0" branch="false"/>
						<line number="39" hits="0" branch="false"/>
						<line number="41" hits="66" branch="false"/>
						<line number="44" hits="0" branch="false"/>
						<line number="45" hits="0" branch="false"/>
						<line number="47" hits="30" branch="false"/>
						<line number="50" hits="0" branch="false"/>
						<line number="51" hits="0" branch="false"/>
						<line number="53" hits="39" branch="false"/>
						<line number="56" hits="0" branch="false"/>
						<line number="57" hits="0" branch="false"/>
						<line number="59" hits="18" branch="false"/>
						<line number="62" hits="0" branch="false"/>
						<line number="63" hits="0" branch="false"/>
						<line number="65" hits="21" branch="false"/>
						<line number="68" hits="0" branch="false"/>
						<line number="69" hits="0" branch="false"/>
						<line number="72" hits="6" branch="false"/>
					</lines>
				</class>
				<class name="pl.edu.agh.iosr.brokers.StockIndexListener" filename="pl/edu/agh/iosr/brokers/StockIndexListener.java" line-rate="1.0" branch-rate="1.0" complexity="1.0">
					<methods>
					</methods>
					<lines>
					</lines>
				</class>
				<class name="pl.edu.agh.iosr.brokers.StockIndexProvider" filename="pl/edu/agh/iosr/brokers/StockIndexProvider.java" line-rate="1.0" branch-rate="1.0" complexity="1.0">
					<methods>
					</methods>
					<lines>
					</lines>
				</class>
				<class name="pl.edu.agh.iosr.brokers.StockIndexPublisher" filename="pl/edu/agh/iosr/brokers/StockIndexPublisher.java" line-rate="0.8333333333333334" branch-rate="0.5" complexity="1.3333333333333333">
					<methods>
						<method name="&lt;init&gt;" signature="(Ljava/lang/String;)V" line-rate="1.0" branch-rate="1.0">
							<lines>
								<line number="24" hits="3" branch="false"/>
								<line number="27" hits="3" branch="false"/>
								<line number="28" hits="3" branch="false"/>
								<line number="29" hits="3" branch="false"/>
							</lines>
						</method>
						<method name="close" signature="()V" line-rate="0.0" branch-rate="1.0">
							<lines>
								<line number="61" hits="0" branch="false"/>
								<line number="62" hits="0" branch="false"/>
								<line number="63" hits="0" branch="false"/>
							</lines>
						</method>
						<method name="createTopic" signature="(Ljava/lang/String;)Ljavax/jms/MessageProducer;" line-rate="1.0" branch-rate="1.0">
							<lines>
								<line number="45" hits="3" branch="false"/>
								<line number="48" hits="3" branch="false"/>
								<line number="49" hits="3" branch="false"/>
								<line number="50" hits="3" branch="false"/>
								<line number="51" hits="3" branch="false"/>
							</lines>
						</method>
						<method name="getProducer" signature="(Ljava/lang/String;)Ljavax/jms/MessageProducer;" line-rate="0.6666666666666666" branch-rate="0.5">
							<lines>
								<line number="55" hits="3" branch="true" condition-coverage="50% (1/2)">
									<conditions>
										<condition number="0" type="jump" coverage="50%"/>
									</conditions>
								</line>
								<line number="56" hits="0" branch="false"/>
								<line number="57" hits="3" branch="false"/>
							</lines>
						</method>
						<method name="send" signature="(Lpl/edu/agh/iosr/brokers/StockIndex;)V" line-rate="1.0" branch-rate="1.0">
							<lines>
								<line number="66" hits="3" branch="false"/>
								<line number="68" hits="3" branch="false"/>
								<line number="70" hits="3" branch="false"/>
								<line number="71" hits="3" branch="false"/>
							</lines>
						</method>
						<method name="start" signature="()V" line-rate="1.0" branch-rate="1.0">
							<lines>
								<line number="33" hits="3" branch="false"/>
								<line number="36" hits="3" branch="false"/>
								<line number="37" hits="3" branch="false"/>
								<line number="40" hits="3" branch="false"/>
								<line number="41" hits="3" branch="false"/>
							</lines>
						</method>
					</methods>
					<lines>
						<line number="24" hits="3" branch="false"/>
						<line number="27" hits="3" branch="false"/>
						<line number="28" hits="3" branch="false"/>
						<line number="29" hits="3" branch="false"/>
						<line number="33" hits="3" branch="false"/>
						<line number="36" hits="3" branch="false"/>
						<line number="37" hits="3" branch="false"/>
						<line number="40" hits="3" branch="false"/>
						<line number="41" hits="3" branch="false"/>
						<line number="45" hits="3" branch="false"/>
						<line number="48" hits="3" branch="false"/>
						<line number="49" hits="3" branch="false"/>
						<line number="50" hits="3" branch="false"/>
						<line number="51" hits="3" branch="false"/>
						<line number="55" hits="3" branch="true" condition-coverage="50% (1/2)">
							<conditions>
								<condition number="0" type="jump" coverage="50%"/>
							</conditions>
						</line>
						<line number="56" hits="0" branch="false"/>
						<line number="57" hits="3" branch="false"/>
						<line number="61" hits="0" branch="false"/>
						<line number="62" hits="0" branch="false"/>
						<line number="63" hits="0" branch="false"/>
						<line number="66" hits="3" branch="false"/>
						<line number="68" hits="3" branch="false"/>
						<line number="70" hits="3" branch="false"/>
						<line number="71" hits="3" branch="false"/>
					</lines>
				</class>
				<class name="pl.edu.agh.iosr.brokers.StockIndexSubscriber" filename="pl/edu/agh/iosr/brokers/StockIndexSubscriber.java" line-rate="0.8181818181818182" branch-rate="1.0" complexity="1.25">
					<methods>
						<method name="&lt;init&gt;" signature="(Ljava/lang/String;Ljava/util/List;)V" line-rate="1.0" branch-rate="1.0">
							<lines>
								<line number="22" hits="3" branch="false"/>
								<line number="23" hits="3" branch="false"/>
								<line number="24" hits="3" branch="false"/>
								<line number="25" hits="3" branch="false"/>
							</lines>
						</method>
						<method name="clean" signature="()V" line-rate="0.0" branch-rate="1.0">
							<lines>
								<line number="51" hits="0" branch="false"/>
								<line number="52" hits="0" branch="false"/>
								<line number="53" hits="0" branch="false"/>
								<line number="54" hits="0" branch="false"/>
							</lines>
						</method>
						<method name="receive" signature="()Lpl/edu/agh/iosr/brokers/StockIndex;" line-rate="1.0" branch-rate="1.0">
							<lines>
								<line number="57" hits="3" branch="false"/>
								<line number="58" hits="3" branch="false"/>
								<line number="59" hits="3" branch="false"/>
							</lines>
						</method>
						<method name="start" signature="()V" line-rate="1.0" branch-rate="1.0">
							<lines>
								<line number="29" hits="3" branch="false"/>
								<line number="32" hits="3" branch="false"/>
								<line number="33" hits="3" branch="false"/>
								<line number="36" hits="3" branch="false"/>
								<line number="38" hits="3" branch="false"/>
								<line number="39" hits="3" branch="true" condition-coverage="100% (2/2)">
									<conditions>
										<condition number="0" type="jump" coverage="100%"/>
									</conditions>
								</line>
								<line number="40" hits="3" branch="false"/>
								<line number="42" hits="3" branch="false"/>
								<line number="44" hits="3" branch="false"/>
								<line number="47" hits="3" branch="false"/>
								<line number="48" hits="3" branch="false"/>
							</lines>
						</method>
					</methods>
					<lines>
						<line number="22" hits="3" branch="false"/>
						<line number="23" hits="3" branch="false"/>
						<line number="24" hits="3" branch="false"/>
						<line number="25" hits="3" branch="false"/>
						<line number="29" hits="3" branch="false"/>
						<line number="32" hits="3" branch="false"/>
						<line number="33" hits="3" branch="false"/>
						<line number="36" hits="3" branch="false"/>
						<line number="38" hits="3" branch="false"/>
						<line number="39" hits="3" branch="true" condition-coverage="100% (2/2)">
							<conditions>
								<condition number="0" type="jump" coverage="100%"/>
							</conditions>
						</line>
						<line number="40" hits="3" branch="false"/>
						<line number="42" hits="3" branch="false"/>
						<line number="44" hits="3" branch="false"/>
						<line number="47" hits="3" branch="false"/>
						<line number="48" hits="3" branch="false"/>
						<line number="51" hits="0" branch="false"/>
						<line number="52" hits="0" branch="false"/>
						<line number="53" hits="0" branch="false"/>
						<line number="54" hits="0" branch="false"/>
						<line number="57" hits="3" branch="false"/>
						<line number="58" hits="3" branch="false"/>
						<line number="59" hits="3" branch="false"/>
					</lines>
				</class>
			</classes>
		</package>
	</packages>
</coverage>
